<?xml version="1.0" encoding="UTF-8"?>
<testsuite xmlns:xsi="http://www.w3.org/2001/XMLSchema-instance" xsi:noNamespaceSchemaLocation="https://maven.apache.org/surefire/maven-surefire-plugin/xsd/surefire-test-report.xsd" name="ch.squaredesk.nova.comm.jms.CommAdapterDestinationListenerTest" time="0.021" tests="2" errors="0" skipped="0" failures="0">
  <properties>
    <property name="gopherProxySet" value="false"/>
    <property name="awt.toolkit" value="sun.lwawt.macosx.LWCToolkit"/>
    <property name="java.specification.version" value="10"/>
    <property name="file.encoding.pkg" value="sun.io"/>
    <property name="sun.cpu.isalist" value=""/>
    <property name="sun.jnu.encoding" value="UTF-8"/>
    <property name="java.class.path" value="/Volumes/VideoExt/dev/nova/communication/jms/target/test-classes:/Volumes/VideoExt/dev/nova/communication/jms/target/classes:/Users/oli/.m2/repository/ch/squaredesk/nova/comm/7.0.1/comm-7.0.1.jar:/Users/oli/.m2/repository/ch/squaredesk/nova/core/7.0.1/core-7.0.1.jar:/Users/oli/.m2/repository/io/dropwizard/metrics5/metrics-core/5.0.0/metrics-core-5.0.0.jar:/Users/oli/.m2/repository/io/reactivex/rxjava2/rxjava/2.1.14/rxjava-2.1.14.jar:/Users/oli/.m2/repository/org/reactivestreams/reactive-streams/1.0.2/reactive-streams-1.0.2.jar:/Users/oli/.m2/repository/com/conversantmedia/disruptor/1.2.11/disruptor-1.2.11.jar:/Users/oli/.m2/repository/org/apache/xbean/xbean-spring/3.7/xbean-spring-3.7.jar:/Users/oli/.m2/repository/commons-logging/commons-logging/1.0.3/commons-logging-1.0.3.jar:/Users/oli/.m2/repository/javax/jms/jms-api/1.1-rev-1/jms-api-1.1-rev-1.jar:/Users/oli/.m2/repository/org/apache/activemq/activemq-pool/5.14.5/activemq-pool-5.14.5.jar:/Users/oli/.m2/repository/org/apache/activemq/activemq-jms-pool/5.14.5/activemq-jms-pool-5.14.5.jar:/Users/oli/.m2/repository/org/apache/geronimo/specs/geronimo-jms_1.1_spec/1.1.1/geronimo-jms_1.1_spec-1.1.1.jar:/Users/oli/.m2/repository/org/apache/activemq/activemq-client/5.14.5/activemq-client-5.14.5.jar:/Users/oli/.m2/repository/org/fusesource/hawtbuf/hawtbuf/1.11/hawtbuf-1.11.jar:/Users/oli/.m2/repository/org/apache/geronimo/specs/geronimo-j2ee-management_1.1_spec/1.0.1/geronimo-j2ee-management_1.1_spec-1.0.1.jar:/Users/oli/.m2/repository/org/apache/geronimo/specs/geronimo-jta_1.0.1B_spec/1.0.1/geronimo-jta_1.0.1B_spec-1.0.1.jar:/Users/oli/.m2/repository/org/apache/commons/commons-pool2/2.4.2/commons-pool2-2.4.2.jar:/Users/oli/.m2/repository/org/apache/activemq/activemq-broker/5.14.5/activemq-broker-5.14.5.jar:/Users/oli/.m2/repository/org/apache/activemq/activemq-openwire-legacy/5.14.5/activemq-openwire-legacy-5.14.5.jar:/Users/oli/.m2/repository/org/junit/jupiter/junit-jupiter-api/5.2.0/junit-jupiter-api-5.2.0.jar:/Users/oli/.m2/repository/org/apiguardian/apiguardian-api/1.0.0/apiguardian-api-1.0.0.jar:/Users/oli/.m2/repository/org/opentest4j/opentest4j/1.1.0/opentest4j-1.1.0.jar:/Users/oli/.m2/repository/org/junit/platform/junit-platform-commons/1.2.0/junit-platform-commons-1.2.0.jar:/Users/oli/.m2/repository/org/junit/jupiter/junit-jupiter-params/5.2.0/junit-jupiter-params-5.2.0.jar:/Users/oli/.m2/repository/org/hamcrest/hamcrest-junit/2.0.0.0/hamcrest-junit-2.0.0.0.jar:/Users/oli/.m2/repository/org/hamcrest/java-hamcrest/2.0.0.0/java-hamcrest-2.0.0.0.jar:/Users/oli/.m2/repository/org/awaitility/awaitility/3.1.0/awaitility-3.1.0.jar:/Users/oli/.m2/repository/org/hamcrest/hamcrest-library/1.3/hamcrest-library-1.3.jar:/Users/oli/.m2/repository/org/hamcrest/hamcrest-core/1.3/hamcrest-core-1.3.jar:/Users/oli/.m2/repository/org/objenesis/objenesis/2.6/objenesis-2.6.jar:/Users/oli/.m2/repository/org/slf4j/slf4j-api/1.7.25/slf4j-api-1.7.25.jar:/Users/oli/.m2/repository/ch/qos/logback/logback-classic/1.2.3/logback-classic-1.2.3.jar:/Users/oli/.m2/repository/ch/qos/logback/logback-core/1.2.3/logback-core-1.2.3.jar:"/>
    <property name="java.vm.vendor" value="&quot;Oracle Corporation&quot;"/>
    <property name="sun.arch.data.model" value="64"/>
    <property name="java.vendor.url" value="http://java.oracle.com/"/>
    <property name="user.timezone" value=""/>
    <property name="java.vm.specification.version" value="10"/>
    <property name="os.name" value="Mac OS X"/>
    <property name="sun.java.launcher" value="SUN_STANDARD"/>
    <property name="user.country" value="CH"/>
    <property name="sun.boot.library.path" value="/Library/Java/JavaVirtualMachines/jdk-10.0.1.jdk/Contents/Home/lib"/>
    <property name="sun.java.command" value="/Volumes/VideoExt/dev/nova/communication/jms/target/surefire/surefirebooter71700798074362571.jar /Volumes/VideoExt/dev/nova/communication/jms/target/surefire 2019-04-01T20-13-05_188-jvmRun1 surefire1098620018238240868tmp surefire_25477778419745458231tmp"/>
    <property name="http.nonProxyHosts" value="local|*.local|169.254/16|*.169.254/16"/>
    <property name="jdk.debug" value="release"/>
    <property name="surefire.test.class.path" value="/Volumes/VideoExt/dev/nova/communication/jms/target/test-classes:/Volumes/VideoExt/dev/nova/communication/jms/target/classes:/Users/oli/.m2/repository/ch/squaredesk/nova/comm/7.0.1/comm-7.0.1.jar:/Users/oli/.m2/repository/ch/squaredesk/nova/core/7.0.1/core-7.0.1.jar:/Users/oli/.m2/repository/io/dropwizard/metrics5/metrics-core/5.0.0/metrics-core-5.0.0.jar:/Users/oli/.m2/repository/io/reactivex/rxjava2/rxjava/2.1.14/rxjava-2.1.14.jar:/Users/oli/.m2/repository/org/reactivestreams/reactive-streams/1.0.2/reactive-streams-1.0.2.jar:/Users/oli/.m2/repository/com/conversantmedia/disruptor/1.2.11/disruptor-1.2.11.jar:/Users/oli/.m2/repository/org/apache/xbean/xbean-spring/3.7/xbean-spring-3.7.jar:/Users/oli/.m2/repository/commons-logging/commons-logging/1.0.3/commons-logging-1.0.3.jar:/Users/oli/.m2/repository/javax/jms/jms-api/1.1-rev-1/jms-api-1.1-rev-1.jar:/Users/oli/.m2/repository/org/apache/activemq/activemq-pool/5.14.5/activemq-pool-5.14.5.jar:/Users/oli/.m2/repository/org/apache/activemq/activemq-jms-pool/5.14.5/activemq-jms-pool-5.14.5.jar:/Users/oli/.m2/repository/org/apache/geronimo/specs/geronimo-jms_1.1_spec/1.1.1/geronimo-jms_1.1_spec-1.1.1.jar:/Users/oli/.m2/repository/org/apache/activemq/activemq-client/5.14.5/activemq-client-5.14.5.jar:/Users/oli/.m2/repository/org/fusesource/hawtbuf/hawtbuf/1.11/hawtbuf-1.11.jar:/Users/oli/.m2/repository/org/apache/geronimo/specs/geronimo-j2ee-management_1.1_spec/1.0.1/geronimo-j2ee-management_1.1_spec-1.0.1.jar:/Users/oli/.m2/repository/org/apache/geronimo/specs/geronimo-jta_1.0.1B_spec/1.0.1/geronimo-jta_1.0.1B_spec-1.0.1.jar:/Users/oli/.m2/repository/org/apache/commons/commons-pool2/2.4.2/commons-pool2-2.4.2.jar:/Users/oli/.m2/repository/org/apache/activemq/activemq-broker/5.14.5/activemq-broker-5.14.5.jar:/Users/oli/.m2/repository/org/apache/activemq/activemq-openwire-legacy/5.14.5/activemq-openwire-legacy-5.14.5.jar:/Users/oli/.m2/repository/org/junit/jupiter/junit-jupiter-api/5.2.0/junit-jupiter-api-5.2.0.jar:/Users/oli/.m2/repository/org/apiguardian/apiguardian-api/1.0.0/apiguardian-api-1.0.0.jar:/Users/oli/.m2/repository/org/opentest4j/opentest4j/1.1.0/opentest4j-1.1.0.jar:/Users/oli/.m2/repository/org/junit/platform/junit-platform-commons/1.2.0/junit-platform-commons-1.2.0.jar:/Users/oli/.m2/repository/org/junit/jupiter/junit-jupiter-params/5.2.0/junit-jupiter-params-5.2.0.jar:/Users/oli/.m2/repository/org/hamcrest/hamcrest-junit/2.0.0.0/hamcrest-junit-2.0.0.0.jar:/Users/oli/.m2/repository/org/hamcrest/java-hamcrest/2.0.0.0/java-hamcrest-2.0.0.0.jar:/Users/oli/.m2/repository/org/awaitility/awaitility/3.1.0/awaitility-3.1.0.jar:/Users/oli/.m2/repository/org/hamcrest/hamcrest-library/1.3/hamcrest-library-1.3.jar:/Users/oli/.m2/repository/org/hamcrest/hamcrest-core/1.3/hamcrest-core-1.3.jar:/Users/oli/.m2/repository/org/objenesis/objenesis/2.6/objenesis-2.6.jar:/Users/oli/.m2/repository/org/slf4j/slf4j-api/1.7.25/slf4j-api-1.7.25.jar:/Users/oli/.m2/repository/ch/qos/logback/logback-classic/1.2.3/logback-classic-1.2.3.jar:/Users/oli/.m2/repository/ch/qos/logback/logback-core/1.2.3/logback-core-1.2.3.jar:"/>
    <property name="sun.cpu.endian" value="little"/>
    <property name="user.home" value="/Users/oli"/>
    <property name="user.language" value="de"/>
    <property name="java.specification.vendor" value="Oracle Corporation"/>
    <property name="java.version.date" value="2018-04-17"/>
    <property name="java.home" value="/Library/Java/JavaVirtualMachines/jdk-10.0.1.jdk/Contents/Home"/>
    <property name="file.separator" value="/"/>
    <property name="basedir" value="/Volumes/VideoExt/dev/nova/communication/jms"/>
    <property name="java.vm.compressedOopsMode" value="Zero based"/>
    <property name="line.separator" value="&#10;"/>
    <property name="java.specification.name" value="Java Platform API Specification"/>
    <property name="java.vm.specification.vendor" value="Oracle Corporation"/>
    <property name="java.awt.graphicsenv" value="sun.awt.CGraphicsEnvironment"/>
    <property name="surefire.real.class.path" value="/Volumes/VideoExt/dev/nova/communication/jms/target/surefire/surefirebooter71700798074362571.jar"/>
    <property name="sun.management.compiler" value="HotSpot 64-Bit Tiered Compilers"/>
    <property name="ftp.nonProxyHosts" value="local|*.local|169.254/16|*.169.254/16"/>
    <property name="java.runtime.version" value="10.0.1+10"/>
    <property name="user.name" value="oli"/>
    <property name="path.separator" value=":"/>
    <property name="os.version" value="10.14.3"/>
    <property name="java.runtime.name" value="Java(TM) SE Runtime Environment"/>
    <property name="file.encoding" value="UTF-8"/>
    <property name="java.vm.name" value="Java HotSpot(TM) 64-Bit Server VM"/>
    <property name="java.vendor.version" value="18.3"/>
    <property name="localRepository" value="/Users/oli/.m2/repository"/>
    <property name="java.vendor.url.bug" value="http://bugreport.java.com/bugreport/"/>
    <property name="java.io.tmpdir" value="/var/folders/3y/04w01k417s31_g54ft_qhs_40000gn/T/"/>
    <property name="java.version" value="10.0.1"/>
    <property name="user.dir" value="/Volumes/VideoExt/dev/nova/communication/jms"/>
    <property name="os.arch" value="x86_64"/>
    <property name="java.vm.specification.name" value="Java Virtual Machine Specification"/>
    <property name="java.awt.printerjob" value="sun.lwawt.macosx.CPrinterJob"/>
    <property name="sun.os.patch.level" value="unknown"/>
    <property name="java.library.path" value="/Users/oli/Library/Java/Extensions:/Library/Java/Extensions:/Network/Library/Java/Extensions:/System/Library/Java/Extensions:/usr/lib/java:."/>
    <property name="java.vendor" value="Oracle Corporation"/>
    <property name="java.vm.info" value="mixed mode"/>
    <property name="java.vm.version" value="10.0.1+10"/>
    <property name="sun.io.unicode.encoding" value="UnicodeBig"/>
    <property name="java.class.version" value="54.0"/>
    <property name="socksNonProxyHosts" value="local|*.local|169.254/16|*.169.254/16"/>
  </properties>
  <testcase name="testMessageSendingWithExceptionSignallingDestinationDownInExceptionChain" classname="ch.squaredesk.nova.comm.jms.CommAdapterDestinationListenerTest" time="0.012"/>
  <testcase name="destinationListenerCalledWhenTempQueueIsDeleted" classname="ch.squaredesk.nova.comm.jms.CommAdapterDestinationListenerTest" time="0.009"/>
</testsuite>